TN:
SF:src/constants/patterns.ts
FNF:0
FNH:0
DA:1,7
DA:2,7
LF:2
LH:2
BRF:0
BRH:0
end_of_record
TN:
SF:src/core/domain/Entity.ts
FN:4,(anonymous_0)
FN:12,(anonymous_1)
FN:17,(anonymous_2)
FNF:3
FNH:1
FNDA:0,(anonymous_0)
FNDA:18,(anonymous_1)
FNDA:0,(anonymous_2)
DA:2,6
DA:4,6
DA:5,0
DA:8,6
DA:13,18
DA:14,18
DA:19,0
DA:20,0
DA:23,0
DA:24,0
DA:27,0
DA:28,0
DA:31,0
LF:13
LH:5
BRDA:13,0,0,18
BRDA:13,0,1,0
BRDA:19,1,0,0
BRDA:19,2,0,0
BRDA:19,2,1,0
BRDA:23,3,0,0
BRDA:27,4,0,0
BRF:7
BRH:1
end_of_record
TN:
SF:src/core/domain/Identifier.ts
FN:3,(anonymous_0)
FN:7,(anonymous_1)
FN:17,(anonymous_2)
FN:25,(anonymous_3)
FNF:4
FNH:1
FNDA:16,(anonymous_0)
FNDA:0,(anonymous_1)
FNDA:0,(anonymous_2)
FNDA:0,(anonymous_3)
DA:2,6
DA:3,16
DA:4,16
DA:8,0
DA:9,0
DA:11,0
DA:12,0
DA:14,0
DA:18,0
DA:26,0
LF:10
LH:3
BRDA:8,0,0,0
BRDA:8,1,0,0
BRDA:8,1,1,0
BRDA:11,2,0,0
BRF:4
BRH:0
end_of_record
TN:
SF:src/core/domain/UniqueEntityID.ts
FN:5,(anonymous_1)
FNF:1
FNH:1
FNDA:16,(anonymous_1)
DA:1,6
DA:2,6
DA:4,6
DA:6,16
LF:4
LH:4
BRDA:6,0,0,0
BRDA:6,0,1,16
BRF:2
BRH:1
end_of_record
TN:
SF:src/core/domain/ValueObject.ts
FN:15,(anonymous_0)
FN:19,(anonymous_1)
FNF:2
FNH:1
FNDA:40,(anonymous_0)
FNDA:0,(anonymous_1)
DA:1,15
DA:12,15
DA:16,40
DA:20,0
DA:21,0
DA:23,0
DA:24,0
DA:26,0
LF:8
LH:3
BRDA:20,0,0,0
BRDA:20,1,0,0
BRDA:20,1,1,0
BRDA:23,2,0,0
BRF:4
BRH:0
end_of_record
TN:
SF:src/core/logic/Guard.ts
FN:15,(anonymous_0)
FN:23,(anonymous_1)
FN:31,(anonymous_2)
FN:40,(anonymous_3)
FN:58,(anonymous_4)
FN:68,(anonymous_5)
FN:83,(anonymous_6)
FN:94,(anonymous_7)
FNF:8
FNH:5
FNDA:0,(anonymous_0)
FNDA:129,(anonymous_1)
FNDA:25,(anonymous_2)
FNDA:0,(anonymous_3)
FNDA:37,(anonymous_4)
FNDA:0,(anonymous_5)
FNDA:11,(anonymous_6)
FNDA:5,(anonymous_7)
DA:14,16
DA:16,0
DA:17,0
DA:20,0
DA:24,129
DA:25,10
DA:28,119
DA:32,25
DA:33,73
DA:34,73
DA:37,18
DA:41,0
DA:42,0
DA:43,0
DA:44,0
DA:48,0
DA:49,0
DA:52,0
DA:59,37
DA:61,37
DA:62,10
DA:65,27
DA:69,0
DA:71,0
DA:72,0
DA:73,0
DA:76,0
DA:77,0
DA:80,0
DA:84,11
DA:85,11
DA:87,11
DA:88,2
DA:91,9
DA:95,5
DA:96,5
DA:98,5
DA:99,1
DA:102,4
LF:39
LH:22
BRDA:17,0,0,0
BRDA:24,1,0,10
BRDA:24,2,0,129
BRDA:24,2,1,125
BRDA:24,2,2,125
BRDA:34,3,0,7
BRDA:43,4,0,0
BRDA:48,5,0,0
BRDA:59,6,0,37
BRDA:59,6,1,33
BRDA:61,7,0,10
BRDA:73,8,0,0
BRDA:76,9,0,0
BRDA:87,10,0,2
BRDA:98,11,0,1
BRF:15
BRH:10
end_of_record
TN:
SF:src/core/logic/Result.ts
FN:8,(anonymous_0)
FN:24,(anonymous_1)
FN:33,(anonymous_2)
FN:37,(anonymous_3)
FN:41,(anonymous_4)
FN:45,(anonymous_5)
FN:58,(anonymous_6)
FN:62,(anonymous_7)
FN:66,(anonymous_8)
FN:74,(anonymous_9)
FN:78,(anonymous_10)
FN:82,(anonymous_11)
FN:87,(anonymous_12)
FN:91,(anonymous_13)
FNF:14
FNH:4
FNDA:81,(anonymous_0)
FNDA:66,(anonymous_1)
FNDA:0,(anonymous_2)
FNDA:58,(anonymous_3)
FNDA:23,(anonymous_4)
FNDA:0,(anonymous_5)
FNDA:0,(anonymous_6)
FNDA:0,(anonymous_7)
FNDA:0,(anonymous_8)
FNDA:0,(anonymous_9)
FNDA:0,(anonymous_10)
FNDA:0,(anonymous_11)
FNDA:0,(anonymous_12)
FNDA:0,(anonymous_13)
DA:2,16
DA:9,81
DA:10,0
DA:12,81
DA:13,0
DA:16,81
DA:17,81
DA:18,81
DA:19,81
DA:21,81
DA:25,66
DA:26,0
DA:27,0
DA:30,66
DA:34,0
DA:38,58
DA:42,23
DA:46,0
DA:47,0
DA:49,0
DA:55,16
DA:59,0
DA:63,0
DA:67,0
DA:71,16
DA:75,0
DA:79,0
DA:83,0
DA:87,16
DA:88,0
DA:91,16
DA:92,0
LF:32
LH:16
BRDA:9,0,0,0
BRDA:9,1,0,81
BRDA:9,1,1,58
BRDA:12,2,0,0
BRDA:12,3,0,81
BRDA:12,3,1,23
BRDA:25,4,0,0
BRDA:47,5,0,0
BRF:8
BRH:4
end_of_record
TN:
SF:src/entities/Booking.ts
FN:10,(anonymous_0)
FN:14,(anonymous_1)
FN:18,(anonymous_2)
FN:22,(anonymous_3)
FN:26,(anonymous_4)
FN:30,(anonymous_5)
FNF:6
FNH:6
FNDA:1,(anonymous_0)
FNDA:1,(anonymous_1)
FNDA:1,(anonymous_2)
FNDA:1,(anonymous_3)
FNDA:1,(anonymous_4)
FNDA:1,(anonymous_5)
DA:1,1
DA:3,1
DA:4,1
DA:9,1
DA:11,1
DA:15,1
DA:19,1
DA:23,1
DA:27,1
DA:31,1
DA:38,1
DA:39,0
DA:42,1
LF:13
LH:12
BRDA:38,0,0,0
BRF:1
BRH:0
end_of_record
TN:
SF:src/entities/City.ts
FN:7,(anonymous_0)
FN:11,(anonymous_1)
FN:15,(anonymous_2)
FN:19,(anonymous_3)
FNF:4
FNH:4
FNDA:6,(anonymous_0)
FNDA:2,(anonymous_1)
FNDA:3,(anonymous_2)
FNDA:7,(anonymous_3)
DA:1,4
DA:3,4
DA:4,4
DA:6,4
DA:8,6
DA:12,2
DA:16,3
DA:20,7
DA:25,7
DA:26,1
DA:29,6
LF:11
LH:11
BRDA:25,0,0,1
BRF:1
BRH:1
end_of_record
TN:
SF:src/entities/Client.ts
FN:9,(anonymous_0)
FN:13,(anonymous_1)
FN:17,(anonymous_2)
FN:21,(anonymous_3)
FN:25,(anonymous_4)
FNF:5
FNH:5
FNDA:3,(anonymous_0)
FNDA:3,(anonymous_1)
FNDA:1,(anonymous_2)
FNDA:1,(anonymous_3)
FNDA:6,(anonymous_4)
DA:1,3
DA:3,3
DA:4,3
DA:8,3
DA:10,3
DA:14,3
DA:18,1
DA:22,1
DA:26,6
DA:32,6
DA:33,3
DA:36,3
LF:12
LH:12
BRDA:32,0,0,3
BRF:1
BRH:1
end_of_record
TN:
SF:src/entities/Guide.ts
FN:9,(anonymous_0)
FN:13,(anonymous_1)
FN:17,(anonymous_2)
FN:21,(anonymous_3)
FN:25,(anonymous_4)
FNF:5
FNH:5
FNDA:4,(anonymous_0)
FNDA:2,(anonymous_1)
FNDA:1,(anonymous_2)
FNDA:1,(anonymous_3)
FNDA:7,(anonymous_4)
DA:1,4
DA:3,4
DA:4,4
DA:8,4
DA:10,4
DA:14,2
DA:18,1
DA:22,1
DA:26,7
DA:32,7
DA:33,3
DA:36,4
LF:12
LH:12
BRDA:32,0,0,3
BRF:1
BRH:1
end_of_record
TN:
SF:src/entities/Review.ts
FN:11,(anonymous_0)
FN:15,(anonymous_1)
FN:19,(anonymous_2)
FN:23,(anonymous_3)
FN:27,(anonymous_4)
FN:31,(anonymous_5)
FN:35,(anonymous_6)
FNF:7
FNH:7
FNDA:1,(anonymous_0)
FNDA:1,(anonymous_1)
FNDA:1,(anonymous_2)
FNDA:1,(anonymous_3)
FNDA:1,(anonymous_4)
FNDA:1,(anonymous_5)
FNDA:1,(anonymous_6)
DA:1,1
DA:3,1
DA:4,1
DA:10,1
DA:12,1
DA:16,1
DA:20,1
DA:24,1
DA:28,1
DA:32,1
DA:36,1
DA:44,1
DA:45,0
DA:48,1
LF:14
LH:13
BRDA:44,0,0,0
BRF:1
BRH:0
end_of_record
TN:
SF:src/entities/Tour.ts
FN:13,(anonymous_0)
FN:17,(anonymous_1)
FN:21,(anonymous_2)
FN:25,(anonymous_3)
FN:29,(anonymous_4)
FN:33,(anonymous_5)
FN:37,(anonymous_6)
FN:41,(anonymous_7)
FNF:8
FNH:8
FNDA:3,(anonymous_0)
FNDA:3,(anonymous_1)
FNDA:1,(anonymous_2)
FNDA:1,(anonymous_3)
FNDA:1,(anonymous_4)
FNDA:1,(anonymous_5)
FNDA:1,(anonymous_6)
FNDA:3,(anonymous_7)
DA:1,3
DA:3,3
DA:4,3
DA:12,3
DA:14,3
DA:18,3
DA:22,1
DA:26,1
DA:30,1
DA:34,1
DA:38,1
DA:42,3
DA:51,3
DA:52,0
DA:55,3
LF:15
LH:14
BRDA:51,0,0,0
BRF:1
BRH:0
end_of_record
TN:
SF:src/value-objects/BookingPeople.ts
FN:10,(anonymous_0)
FN:14,(anonymous_1)
FN:18,(anonymous_2)
FN:34,(anonymous_3)
FNF:4
FNH:4
FNDA:2,(anonymous_0)
FNDA:2,(anonymous_1)
FNDA:3,(anonymous_2)
FNDA:3,(anonymous_3)
DA:1,2
DA:2,2
DA:3,2
DA:9,2
DA:11,2
DA:15,2
DA:19,3
DA:21,3
DA:22,0
DA:25,3
DA:27,3
DA:28,1
DA:31,2
DA:35,3
LF:14
LH:13
BRDA:21,0,0,0
BRDA:27,1,0,1
BRF:2
BRH:1
end_of_record
TN:
SF:src/value-objects/Description.ts
FN:10,(anonymous_0)
FN:14,(anonymous_1)
FN:18,(anonymous_2)
FNF:3
FNH:3
FNDA:5,(anonymous_0)
FNDA:3,(anonymous_1)
FNDA:8,(anonymous_2)
DA:1,4
DA:2,4
DA:3,4
DA:9,4
DA:11,5
DA:15,3
DA:19,8
DA:21,8
DA:22,1
DA:25,7
DA:27,7
DA:28,2
DA:31,5
LF:13
LH:13
BRDA:21,0,0,1
BRDA:27,1,0,2
BRF:2
BRH:2
end_of_record
TN:
SF:src/value-objects/LatLong.ts
FN:11,(anonymous_0)
FN:15,(anonymous_1)
FN:19,(anonymous_2)
FN:35,(anonymous_3)
FNF:4
FNH:4
FNDA:1,(anonymous_0)
FNDA:1,(anonymous_1)
FNDA:2,(anonymous_2)
FNDA:2,(anonymous_3)
DA:1,1
DA:2,1
DA:3,1
DA:4,1
DA:10,1
DA:12,1
DA:16,1
DA:20,2
DA:22,2
DA:23,0
DA:26,2
DA:28,2
DA:29,1
DA:32,1
DA:36,2
LF:15
LH:14
BRDA:22,0,0,0
BRDA:28,1,0,1
BRF:2
BRH:1
end_of_record
TN:
SF:src/value-objects/ReviewScore.ts
FN:10,(anonymous_0)
FN:14,(anonymous_1)
FN:18,(anonymous_2)
FN:34,(anonymous_3)
FNF:4
FNH:4
FNDA:2,(anonymous_0)
FNDA:2,(anonymous_1)
FNDA:3,(anonymous_2)
FNDA:3,(anonymous_3)
DA:1,2
DA:2,2
DA:3,2
DA:9,2
DA:11,2
DA:15,2
DA:19,3
DA:21,3
DA:22,0
DA:25,3
DA:27,3
DA:28,1
DA:31,2
DA:35,3
LF:14
LH:13
BRDA:21,0,0,0
BRDA:27,1,0,1
BRF:2
BRH:1
end_of_record
TN:
SF:src/value-objects/ReviewTip.ts
FN:10,(anonymous_0)
FN:14,(anonymous_1)
FN:18,(anonymous_2)
FN:34,(anonymous_3)
FNF:4
FNH:4
FNDA:2,(anonymous_0)
FNDA:2,(anonymous_1)
FNDA:3,(anonymous_2)
FNDA:3,(anonymous_3)
DA:1,2
DA:2,2
DA:3,2
DA:9,2
DA:11,2
DA:15,2
DA:19,3
DA:21,3
DA:22,0
DA:25,3
DA:27,3
DA:28,1
DA:31,2
DA:35,3
LF:14
LH:13
BRDA:21,0,0,0
BRDA:27,1,0,1
BRF:2
BRH:1
end_of_record
TN:
SF:src/value-objects/Title.ts
FN:10,(anonymous_0)
FN:14,(anonymous_1)
FN:18,(anonymous_2)
FNF:3
FNH:3
FNDA:4,(anonymous_0)
FNDA:4,(anonymous_1)
FNDA:7,(anonymous_2)
DA:1,4
DA:2,4
DA:3,4
DA:9,4
DA:11,4
DA:15,4
DA:19,7
DA:21,7
DA:22,1
DA:25,6
DA:27,6
DA:28,2
DA:31,4
LF:13
LH:13
BRDA:21,0,0,1
BRDA:27,1,0,2
BRF:2
BRH:2
end_of_record
TN:
SF:src/value-objects/TourCapacity.ts
FN:10,(anonymous_0)
FN:14,(anonymous_1)
FN:18,(anonymous_2)
FN:34,(anonymous_3)
FNF:4
FNH:4
FNDA:4,(anonymous_0)
FNDA:3,(anonymous_1)
FNDA:5,(anonymous_2)
FNDA:5,(anonymous_3)
DA:1,4
DA:2,4
DA:3,4
DA:9,4
DA:11,4
DA:15,3
DA:19,5
DA:21,5
DA:22,0
DA:25,5
DA:27,5
DA:28,1
DA:31,4
DA:35,5
LF:14
LH:13
BRDA:21,0,0,0
BRDA:27,1,0,1
BRF:2
BRH:1
end_of_record
TN:
SF:src/value-objects/TourDate.ts
FN:10,(anonymous_0)
FN:14,(anonymous_1)
FN:18,(anonymous_2)
FN:34,(anonymous_3)
FNF:4
FNH:4
FNDA:4,(anonymous_0)
FNDA:2,(anonymous_1)
FNDA:5,(anonymous_2)
FNDA:5,(anonymous_3)
DA:1,4
DA:2,4
DA:3,4
DA:9,4
DA:11,4
DA:15,2
DA:19,5
DA:21,5
DA:22,0
DA:25,5
DA:27,5
DA:28,1
DA:31,4
DA:35,5
LF:14
LH:13
BRDA:21,0,0,0
BRDA:27,1,0,1
BRF:2
BRH:1
end_of_record
TN:
SF:src/value-objects/UserName.ts
FN:10,(anonymous_0)
FN:14,(anonymous_1)
FN:18,(anonymous_2)
FNF:3
FNH:3
FNDA:8,(anonymous_0)
FNDA:6,(anonymous_1)
FNDA:11,(anonymous_2)
DA:1,6
DA:2,6
DA:3,6
DA:9,6
DA:11,8
DA:15,6
DA:19,11
DA:21,11
DA:22,1
DA:25,10
DA:27,10
DA:28,2
DA:31,8
LF:13
LH:13
BRDA:21,0,0,1
BRDA:27,1,0,2
BRF:2
BRH:2
end_of_record
TN:
SF:src/value-objects/UserPhone.ts
FN:11,(anonymous_0)
FN:15,(anonymous_1)
FN:19,(anonymous_2)
FN:35,(anonymous_3)
FNF:4
FNH:4
FNDA:8,(anonymous_0)
FNDA:3,(anonymous_1)
FNDA:9,(anonymous_2)
FNDA:9,(anonymous_3)
DA:1,6
DA:2,6
DA:3,6
DA:4,6
DA:10,6
DA:12,8
DA:16,3
DA:20,9
DA:22,9
DA:23,0
DA:26,9
DA:28,9
DA:29,1
DA:32,8
DA:36,9
LF:15
LH:14
BRDA:22,0,0,0
BRDA:28,1,0,1
BRF:2
BRH:1
end_of_record
